[00:24:17] ---- BEAUTYQUESTS LOGGER - OPENED Fri Nov 22 00:24:17 UTC 2024 ----
[00:24:25] [DEBUG] Loading data file, last time edited : Wed Nov 20 23:45:21 UTC 2024
[00:24:25] [DEBUG] Initializing default stage types.
[00:24:25] [DEBUG] Stage registered (Mobs, 0)
[00:24:25] [DEBUG] Stage registered (Mine, 1)
[00:24:25] [DEBUG] Stage registered (Place, 2)
[00:24:26] [DEBUG] Stage registered (Chat, 3)
[00:24:26] [DEBUG] Stage registered (InteractBlock, 4)
[00:24:26] [DEBUG] Stage registered (InteractLocation, 5)
[00:24:26] [DEBUG] Stage registered (Fish, 6)
[00:24:26] [DEBUG] Stage registered (Melt, 7)
[00:24:26] [DEBUG] Stage registered (Enchant, 8)
[00:24:26] [DEBUG] Stage registered (Craft, 9)
[00:24:26] [DEBUG] Stage registered (Bucket, 10)
[00:24:26] [DEBUG] Stage registered (StageLocation, 11)
[00:24:26] [DEBUG] Stage registered (PlayTime, 12)
[00:24:26] [DEBUG] Stage registered (Breed, 13)
[00:24:26] [DEBUG] Stage registered (Tame, 14)
[00:24:26] [DEBUG] Stage registered (Death, 15)
[00:24:26] [DEBUG] Stage registered (DealDamage, 16)
[00:24:26] [DEBUG] Stage registered (EatDrink, 17)
[00:24:26] [DEBUG] Initializing default quest options.
[00:24:26] [DEBUG] Quest option registered (id: pool)
[00:24:26] [DEBUG] Quest option registered (id: name)
[00:24:26] [DEBUG] Quest option registered (id: description)
[00:24:26] [DEBUG] Quest option registered (id: customItem)
[00:24:26] [DEBUG] Quest option registered (id: confirmMessage)
[00:24:26] [DEBUG] Quest option registered (id: bypassLimit)
[00:24:26] [DEBUG] Quest option registered (id: startableFromGUI)
[00:24:26] [DEBUG] Quest option registered (id: failOnDeath)
[00:24:26] [DEBUG] Quest option registered (id: cancellable)
[00:24:26] [DEBUG] Quest option registered (id: cancelActions)
[00:24:26] [DEBUG] Quest option registered (id: scoreboard)
[00:24:26] [DEBUG] Quest option registered (id: hideNoRequirements)
[00:24:26] [DEBUG] Quest option registered (id: auto)
[00:24:26] [DEBUG] Quest option registered (id: repeatable)
[00:24:26] [DEBUG] Quest option registered (id: timer)
[00:24:26] [DEBUG] Quest option registered (id: visibility)
[00:24:26] [DEBUG] Quest option registered (id: endSound)
[00:24:26] [DEBUG] Quest option registered (id: firework)
[00:24:26] [DEBUG] Quest option registered (id: requirements)
[00:24:26] [DEBUG] Quest option registered (id: startRewards)
[00:24:26] [DEBUG] Quest option registered (id: startMessage)
[00:24:26] [DEBUG] Quest option registered (id: endRewards)
[00:24:26] [DEBUG] Quest option registered (id: endMsg)
[00:24:26] [DEBUG] Initializing default item comparisons.
[00:24:26] [DEBUG] Item comparison registered (id: bukkit)
[00:24:26] [DEBUG] Item comparison registered (id: customBukkit)
[00:24:26] [DEBUG] Item comparison registered (id: material)
[00:24:26] [DEBUG] Item comparison registered (id: name)
[00:24:26] [DEBUG] Item comparison registered (id: lore)
[00:24:26] [DEBUG] Item comparison registered (id: enchants)
[00:24:26] [DEBUG] Item comparison registered (id: repair)
[00:24:26] [DEBUG] Initializing default rewards.
[00:24:26] [DEBUG] Quest object registered in registry rewards (id: commandReward, class: fr.skytasul.quests.rewards.CommandReward)
[00:24:26] [DEBUG] Quest object registered in registry rewards (id: itemReward, class: fr.skytasul.quests.rewards.ItemReward)
[00:24:26] [DEBUG] Quest object registered in registry rewards (id: removeItemsReward, class: fr.skytasul.quests.rewards.RemoveItemsReward)
[00:24:26] [DEBUG] Quest object registered in registry rewards (id: textReward, class: fr.skytasul.quests.rewards.MessageReward)
[00:24:26] [DEBUG] Quest object registered in registry rewards (id: tpReward, class: fr.skytasul.quests.rewards.TeleportationReward)
[00:24:26] [DEBUG] Quest object registered in registry rewards (id: expReward, class: fr.skytasul.quests.rewards.XPReward)
[00:24:26] [DEBUG] Quest object registered in registry rewards (id: checkpointReward, class: fr.skytasul.quests.rewards.CheckpointReward)
[00:24:26] [DEBUG] Quest object registered in registry rewards (id: questStopReward, class: fr.skytasul.quests.rewards.QuestStopReward)
[00:24:26] [DEBUG] Quest object registered in registry rewards (id: requirementDependentReward, class: fr.skytasul.quests.rewards.RequirementDependentReward)
[00:24:26] [DEBUG] Quest object registered in registry rewards (id: randomReward, class: fr.skytasul.quests.rewards.RandomReward)
[00:24:26] [DEBUG] Quest object registered in registry rewards (id: wait, class: fr.skytasul.quests.rewards.WaitReward)
[00:24:26] [DEBUG] Quest object registered in registry rewards (id: titleReward, class: fr.skytasul.quests.rewards.TitleReward)
[00:24:26] [DEBUG] Initializing default requirements.
[00:24:26] [DEBUG] Quest object registered in registry requirements (id: logicalOr, class: fr.skytasul.quests.requirements.logical.LogicalOrRequirement)
[00:24:26] [DEBUG] Quest object registered in registry requirements (id: questRequired, class: fr.skytasul.quests.requirements.QuestRequirement)
[00:24:26] [DEBUG] Quest object registered in registry requirements (id: levelRequired, class: fr.skytasul.quests.requirements.LevelRequirement)
[00:24:26] [DEBUG] Quest object registered in registry requirements (id: permissionRequired, class: fr.skytasul.quests.requirements.PermissionsRequirement)
[00:24:26] [DEBUG] Quest object registered in registry requirements (id: scoreboardRequired, class: fr.skytasul.quests.requirements.ScoreboardRequirement)
[00:24:26] [DEBUG] Quest object registered in registry requirements (id: equipmentRequired, class: fr.skytasul.quests.requirements.EquipmentRequirement)
[00:24:26] [DEBUG] Initializing default stage options.
[00:24:26] [DEBUG] Quest object registered in registry stage-options-MOBS (id: progressbar, class: fr.skytasul.quests.stages.options.StageOptionProgressBar)
[00:24:26] [DEBUG] Quest object registered in registry stage-options-MINE (id: progressbar, class: fr.skytasul.quests.stages.options.StageOptionProgressBar)
[00:24:26] [DEBUG] Quest object registered in registry stage-options-PLACE_BLOCKS (id: progressbar, class: fr.skytasul.quests.stages.options.StageOptionProgressBar)
[00:24:26] [DEBUG] Quest object registered in registry stage-options-FISH (id: progressbar, class: fr.skytasul.quests.stages.options.StageOptionProgressBar)
[00:24:26] [DEBUG] Quest object registered in registry stage-options-MELT (id: progressbar, class: fr.skytasul.quests.stages.options.StageOptionProgressBar)
[00:24:26] [DEBUG] Quest object registered in registry stage-options-ENCHANT (id: progressbar, class: fr.skytasul.quests.stages.options.StageOptionProgressBar)
[00:24:26] [DEBUG] Quest object registered in registry stage-options-CRAFT (id: progressbar, class: fr.skytasul.quests.stages.options.StageOptionProgressBar)
[00:24:26] [DEBUG] Quest object registered in registry stage-options-BUCKET (id: progressbar, class: fr.skytasul.quests.stages.options.StageOptionProgressBar)
[00:24:26] [DEBUG] Quest object registered in registry stage-options-PLAY_TIME (id: progressbar, class: fr.skytasul.quests.stages.options.StageOptionProgressBar)
[00:24:26] [DEBUG] Quest object registered in registry stage-options-BREED (id: progressbar, class: fr.skytasul.quests.stages.options.StageOptionProgressBar)
[00:24:26] [DEBUG] Quest object registered in registry stage-options-TAME (id: progressbar, class: fr.skytasul.quests.stages.options.StageOptionProgressBar)
[00:24:26] [DEBUG] Quest object registered in registry stage-options-DEAL_DAMAGE (id: progressbar, class: fr.skytasul.quests.stages.options.StageOptionProgressBar)
[00:24:26] [DEBUG] Quest object registered in registry stage-options-EAT_DRINK (id: progressbar, class: fr.skytasul.quests.stages.options.StageOptionProgressBar)
[00:24:26] [DEBUG] Initializing default miscellenaeous.
[00:24:26] [DEBUG] Mob factory registered (id: bukkitEntity)
[00:24:26] [DEBUG] Bossbars manager has been registered: fr.skytasul.quests.utils.compatibility.BQBossBarImplementation
[00:24:26] [DEBUG] Brigadier registered!
[00:24:26] [DEBUG] Hooked into [WorldGuard] v7.0.9+5934e49
[00:24:26] [DEBUG] Now using WorldGuard entry API.
[00:24:26] [DEBUG] Stage registered (Find, 18)
[00:24:26] [DEBUG] Quest object registered in registry requirements (id: regionRequired, class: fr.skytasul.quests.integrations.worldguard.RegionRequirement)
[00:24:26] [DEBUG] Started bStats metrics
[00:24:26] [DEBUG] Starting Spigot updater
[00:24:36] [DEBUG] 0 accounts loaded and 1 identifiers.
[00:24:36] [DEBUG] Registered 5 lines in scoreboard
[00:25:31] [DEBUG] fabrizio25062012 (5a450d9f-45e5-371b-b42a-cb6988328493) joined the server
[00:25:31] [DEBUG] Loading player fabrizio25062012...
[00:25:31] [DEBUG] New account registered for fabrizio25062012 (5a450d9f-45e5-371b-b42a-cb6988328493), index 2 via f.s.q.players.AbstractPlayersManager.tryLoad 184 -> f.s.q.players.AbstractPlayersManager.tryLoad 184
[00:25:31] [DEBUG] Completed load of fabrizio25062012 (5a450d9f-45e5-371b-b42a-cb6988328493 (#2)) datas within 158 ms (0 quests, 0 pools)
[00:27:14] [DEBUG] fabrizio25062012 left the server
[00:27:14] [DEBUG] Unloading player fabrizio25062012... (0 quests, 0 pools)
[00:28:07] [DEBUG] Saving 0 loaded accounts and 2 identifiers.
[00:28:07] [DEBUG] Saved datas (0.001s)!
[00:28:07] [DEBUG] Unregistered from WorldGuard entry API.
[00:28:07] Logger was open during 3 minutes
[00:28:07] ---- BEAUTYQUESTS LOGGER - CLOSED Fri Nov 22 00:28:07 UTC 2024 ----
